<?xml version="1.0" encoding="UTF-8"?>
<!-- Generated by org.testng.reporters.JUnitReportReporter -->
<testsuite hostname="DESKTOP-TRSHQ7E" failures="0" tests="4" name="testClasses.HomePageTest" time="101.013" errors="0" timestamp="2023-12-23T23:21:21 IST" skipped="0">
  <testcase classname="testClasses.HomePageTest" name="verifySearchButton" time="21.294"/>
  <system-out/>
  <testcase classname="testClasses.HomePageTest" name="verifyItemCartButton" time="27.304"/>
  <system-out/>
  <testcase classname="testClasses.HomePageTest" name="verifyLogo" time="23.135"/>
  <system-out/>
  <testcase classname="testClasses.HomePageTest" name="verifySearchField" time="29.280"/>
  <system-out/>
</testsuite> <!-- testClasses.HomePageTest -->
